<?xml version="1.0" encoding="UTF-8"?>
<testsuite xmlns:xsi="http://www.w3.org/2001/XMLSchema-instance" xsi:noNamespaceSchemaLocation="https://maven.apache.org/surefire/maven-surefire-plugin/xsd/surefire-test-report.xsd" name="com.background.manager.TreeBuildTest" time="0.258" tests="2" errors="0" skipped="0" failures="0">
  <properties>
    <property name="sun.desktop" value="windows"/>
    <property name="awt.toolkit" value="sun.awt.windows.WToolkit"/>
    <property name="file.encoding.pkg" value="sun.io"/>
    <property name="java.specification.version" value="1.8"/>
    <property name="sun.cpu.isalist" value="amd64"/>
    <property name="sun.jnu.encoding" value="GBK"/>
    <property name="java.class.path" value="C:\Users\杜黎明\Desktop\project\background-manager-server\background-manager-server-business\target\test-classes;C:\Users\杜黎明\Desktop\project\background-manager-server\background-manager-server-business\target\classes;F:\maven\MavenRepository\org\springframework\boot\spring-boot-starter-web\2.3.12.RELEASE\spring-boot-starter-web-2.3.12.RELEASE.jar;F:\maven\MavenRepository\org\springframework\boot\spring-boot-starter\2.3.12.RELEASE\spring-boot-starter-2.3.12.RELEASE.jar;F:\maven\MavenRepository\org\springframework\boot\spring-boot\2.3.12.RELEASE\spring-boot-2.3.12.RELEASE.jar;F:\maven\MavenRepository\org\springframework\boot\spring-boot-starter-logging\2.3.12.RELEASE\spring-boot-starter-logging-2.3.12.RELEASE.jar;F:\maven\MavenRepository\ch\qos\logback\logback-classic\1.2.3\logback-classic-1.2.3.jar;F:\maven\MavenRepository\ch\qos\logback\logback-core\1.2.3\logback-core-1.2.3.jar;F:\maven\MavenRepository\org\apache\logging\log4j\log4j-to-slf4j\2.13.3\log4j-to-slf4j-2.13.3.jar;F:\maven\MavenRepository\org\apache\logging\log4j\log4j-api\2.13.3\log4j-api-2.13.3.jar;F:\maven\MavenRepository\org\slf4j\jul-to-slf4j\1.7.30\jul-to-slf4j-1.7.30.jar;F:\maven\MavenRepository\jakarta\annotation\jakarta.annotation-api\1.3.5\jakarta.annotation-api-1.3.5.jar;F:\maven\MavenRepository\org\yaml\snakeyaml\1.26\snakeyaml-1.26.jar;F:\maven\MavenRepository\org\springframework\boot\spring-boot-starter-json\2.3.12.RELEASE\spring-boot-starter-json-2.3.12.RELEASE.jar;F:\maven\MavenRepository\com\fasterxml\jackson\core\jackson-databind\2.11.4\jackson-databind-2.11.4.jar;F:\maven\MavenRepository\com\fasterxml\jackson\datatype\jackson-datatype-jdk8\2.11.4\jackson-datatype-jdk8-2.11.4.jar;F:\maven\MavenRepository\com\fasterxml\jackson\module\jackson-module-parameter-names\2.11.4\jackson-module-parameter-names-2.11.4.jar;F:\maven\MavenRepository\org\springframework\boot\spring-boot-starter-tomcat\2.3.12.RELEASE\spring-boot-starter-tomcat-2.3.12.RELEASE.jar;F:\maven\MavenRepository\org\apache\tomcat\embed\tomcat-embed-core\9.0.46\tomcat-embed-core-9.0.46.jar;F:\maven\MavenRepository\org\apache\tomcat\embed\tomcat-embed-websocket\9.0.46\tomcat-embed-websocket-9.0.46.jar;F:\maven\MavenRepository\org\springframework\spring-web\5.2.15.RELEASE\spring-web-5.2.15.RELEASE.jar;F:\maven\MavenRepository\org\springframework\spring-beans\5.2.15.RELEASE\spring-beans-5.2.15.RELEASE.jar;F:\maven\MavenRepository\org\springframework\spring-webmvc\5.2.15.RELEASE\spring-webmvc-5.2.15.RELEASE.jar;F:\maven\MavenRepository\org\springframework\spring-aop\5.2.15.RELEASE\spring-aop-5.2.15.RELEASE.jar;F:\maven\MavenRepository\org\springframework\spring-context\5.2.15.RELEASE\spring-context-5.2.15.RELEASE.jar;F:\maven\MavenRepository\org\springframework\spring-expression\5.2.15.RELEASE\spring-expression-5.2.15.RELEASE.jar;F:\maven\MavenRepository\org\springframework\boot\spring-boot-starter-validation\2.3.12.RELEASE\spring-boot-starter-validation-2.3.12.RELEASE.jar;F:\maven\MavenRepository\org\glassfish\jakarta.el\3.0.3\jakarta.el-3.0.3.jar;F:\maven\MavenRepository\org\hibernate\validator\hibernate-validator\6.1.7.Final\hibernate-validator-6.1.7.Final.jar;F:\maven\MavenRepository\jakarta\validation\jakarta.validation-api\2.0.2\jakarta.validation-api-2.0.2.jar;F:\maven\MavenRepository\org\jboss\logging\jboss-logging\3.4.2.Final\jboss-logging-3.4.2.Final.jar;F:\maven\MavenRepository\com\fasterxml\classmate\1.5.1\classmate-1.5.1.jar;F:\maven\MavenRepository\org\springframework\boot\spring-boot-starter-test\2.3.12.RELEASE\spring-boot-starter-test-2.3.12.RELEASE.jar;F:\maven\MavenRepository\org\springframework\boot\spring-boot-test\2.3.12.RELEASE\spring-boot-test-2.3.12.RELEASE.jar;F:\maven\MavenRepository\org\springframework\boot\spring-boot-test-autoconfigure\2.3.12.RELEASE\spring-boot-test-autoconfigure-2.3.12.RELEASE.jar;F:\maven\MavenRepository\com\jayway\jsonpath\json-path\2.4.0\json-path-2.4.0.jar;F:\maven\MavenRepository\net\minidev\json-smart\2.3.1\json-smart-2.3.1.jar;F:\maven\MavenRepository\net\minidev\accessors-smart\2.3.1\accessors-smart-2.3.1.jar;F:\maven\MavenRepository\org\slf4j\slf4j-api\1.7.30\slf4j-api-1.7.30.jar;F:\maven\MavenRepository\jakarta\xml\bind\jakarta.xml.bind-api\2.3.3\jakarta.xml.bind-api-2.3.3.jar;F:\maven\MavenRepository\jakarta\activation\jakarta.activation-api\1.2.2\jakarta.activation-api-1.2.2.jar;F:\maven\MavenRepository\org\assertj\assertj-core\3.16.1\assertj-core-3.16.1.jar;F:\maven\MavenRepository\org\hamcrest\hamcrest\2.2\hamcrest-2.2.jar;F:\maven\MavenRepository\org\junit\jupiter\junit-jupiter\5.6.3\junit-jupiter-5.6.3.jar;F:\maven\MavenRepository\org\junit\jupiter\junit-jupiter-api\5.6.3\junit-jupiter-api-5.6.3.jar;F:\maven\MavenRepository\org\opentest4j\opentest4j\1.2.0\opentest4j-1.2.0.jar;F:\maven\MavenRepository\org\junit\platform\junit-platform-commons\1.6.3\junit-platform-commons-1.6.3.jar;F:\maven\MavenRepository\org\junit\jupiter\junit-jupiter-params\5.6.3\junit-jupiter-params-5.6.3.jar;F:\maven\MavenRepository\org\junit\jupiter\junit-jupiter-engine\5.6.3\junit-jupiter-engine-5.6.3.jar;F:\maven\MavenRepository\org\junit\vintage\junit-vintage-engine\5.6.3\junit-vintage-engine-5.6.3.jar;F:\maven\MavenRepository\org\apiguardian\apiguardian-api\1.1.0\apiguardian-api-1.1.0.jar;F:\maven\MavenRepository\org\junit\platform\junit-platform-engine\1.6.3\junit-platform-engine-1.6.3.jar;F:\maven\MavenRepository\junit\junit\4.13.2\junit-4.13.2.jar;F:\maven\MavenRepository\org\mockito\mockito-core\3.3.3\mockito-core-3.3.3.jar;F:\maven\MavenRepository\net\bytebuddy\byte-buddy\1.10.22\byte-buddy-1.10.22.jar;F:\maven\MavenRepository\net\bytebuddy\byte-buddy-agent\1.10.22\byte-buddy-agent-1.10.22.jar;F:\maven\MavenRepository\org\objenesis\objenesis\2.6\objenesis-2.6.jar;F:\maven\MavenRepository\org\mockito\mockito-junit-jupiter\3.3.3\mockito-junit-jupiter-3.3.3.jar;F:\maven\MavenRepository\org\skyscreamer\jsonassert\1.5.0\jsonassert-1.5.0.jar;F:\maven\MavenRepository\com\vaadin\external\google\android-json\0.0.20131108.vaadin1\android-json-0.0.20131108.vaadin1.jar;F:\maven\MavenRepository\org\springframework\spring-core\5.2.15.RELEASE\spring-core-5.2.15.RELEASE.jar;F:\maven\MavenRepository\org\springframework\spring-jcl\5.2.15.RELEASE\spring-jcl-5.2.15.RELEASE.jar;F:\maven\MavenRepository\org\springframework\spring-test\5.2.15.RELEASE\spring-test-5.2.15.RELEASE.jar;F:\maven\MavenRepository\org\xmlunit\xmlunit-core\2.7.0\xmlunit-core-2.7.0.jar;F:\maven\MavenRepository\cn\dev33\sa-token-spring-boot-starter\1.30.0\sa-token-spring-boot-starter-1.30.0.jar;F:\maven\MavenRepository\cn\dev33\sa-token-servlet\1.30.0\sa-token-servlet-1.30.0.jar;F:\maven\MavenRepository\cn\dev33\sa-token-dao-redis-jackson\1.30.0\sa-token-dao-redis-jackson-1.30.0.jar;F:\maven\MavenRepository\cn\dev33\sa-token-core\1.30.0\sa-token-core-1.30.0.jar;F:\maven\MavenRepository\org\springframework\boot\spring-boot-starter-data-redis\2.3.12.RELEASE\spring-boot-starter-data-redis-2.3.12.RELEASE.jar;F:\maven\MavenRepository\org\springframework\data\spring-data-redis\2.3.9.RELEASE\spring-data-redis-2.3.9.RELEASE.jar;F:\maven\MavenRepository\org\springframework\data\spring-data-keyvalue\2.3.9.RELEASE\spring-data-keyvalue-2.3.9.RELEASE.jar;F:\maven\MavenRepository\org\springframework\data\spring-data-commons\2.3.9.RELEASE\spring-data-commons-2.3.9.RELEASE.jar;F:\maven\MavenRepository\org\springframework\spring-oxm\5.2.15.RELEASE\spring-oxm-5.2.15.RELEASE.jar;F:\maven\MavenRepository\org\springframework\spring-context-support\5.2.15.RELEASE\spring-context-support-5.2.15.RELEASE.jar;F:\maven\MavenRepository\io\lettuce\lettuce-core\5.3.7.RELEASE\lettuce-core-5.3.7.RELEASE.jar;F:\maven\MavenRepository\io\netty\netty-common\4.1.65.Final\netty-common-4.1.65.Final.jar;F:\maven\MavenRepository\io\netty\netty-handler\4.1.65.Final\netty-handler-4.1.65.Final.jar;F:\maven\MavenRepository\io\netty\netty-transport\4.1.65.Final\netty-transport-4.1.65.Final.jar;F:\maven\MavenRepository\io\projectreactor\reactor-core\3.3.17.RELEASE\reactor-core-3.3.17.RELEASE.jar;F:\maven\MavenRepository\org\apache\commons\commons-lang3\3.12.0\commons-lang3-3.12.0.jar;F:\maven\MavenRepository\cn\hutool\hutool-all\5.7.20\hutool-all-5.7.20.jar;F:\maven\MavenRepository\com\github\xiaoymin\knife4j-spring-boot-starter\3.0.3\knife4j-spring-boot-starter-3.0.3.jar;F:\maven\MavenRepository\com\github\xiaoymin\knife4j-spring-boot-autoconfigure\3.0.3\knife4j-spring-boot-autoconfigure-3.0.3.jar;F:\maven\MavenRepository\com\github\xiaoymin\knife4j-spring\3.0.3\knife4j-spring-3.0.3.jar;F:\maven\MavenRepository\com\github\xiaoymin\knife4j-annotations\3.0.3\knife4j-annotations-3.0.3.jar;F:\maven\MavenRepository\io\swagger\core\v3\swagger-annotations\2.1.2\swagger-annotations-2.1.2.jar;F:\maven\MavenRepository\com\github\xiaoymin\knife4j-core\3.0.3\knife4j-core-3.0.3.jar;F:\maven\MavenRepository\org\javassist\javassist\3.25.0-GA\javassist-3.25.0-GA.jar;F:\maven\MavenRepository\io\springfox\springfox-swagger2\3.0.0\springfox-swagger2-3.0.0.jar;F:\maven\MavenRepository\io\springfox\springfox-spi\3.0.0\springfox-spi-3.0.0.jar;F:\maven\MavenRepository\io\springfox\springfox-schema\3.0.0\springfox-schema-3.0.0.jar;F:\maven\MavenRepository\io\springfox\springfox-swagger-common\3.0.0\springfox-swagger-common-3.0.0.jar;F:\maven\MavenRepository\io\springfox\springfox-spring-web\3.0.0\springfox-spring-web-3.0.0.jar;F:\maven\MavenRepository\io\github\classgraph\classgraph\4.8.83\classgraph-4.8.83.jar;F:\maven\MavenRepository\io\springfox\springfox-spring-webflux\3.0.0\springfox-spring-webflux-3.0.0.jar;F:\maven\MavenRepository\io\springfox\springfox-spring-webmvc\3.0.0\springfox-spring-webmvc-3.0.0.jar;F:\maven\MavenRepository\io\springfox\springfox-core\3.0.0\springfox-core-3.0.0.jar;F:\maven\MavenRepository\io\springfox\springfox-oas\3.0.0\springfox-oas-3.0.0.jar;F:\maven\MavenRepository\io\swagger\core\v3\swagger-models\2.1.2\swagger-models-2.1.2.jar;F:\maven\MavenRepository\io\springfox\springfox-bean-validators\3.0.0\springfox-bean-validators-3.0.0.jar;F:\maven\MavenRepository\io\swagger\swagger-models\1.5.22\swagger-models-1.5.22.jar;F:\maven\MavenRepository\io\swagger\swagger-core\1.5.22\swagger-core-1.5.22.jar;F:\maven\MavenRepository\com\google\guava\guava\30.0-jre\guava-30.0-jre.jar;F:\maven\MavenRepository\com\google\guava\failureaccess\1.0.1\failureaccess-1.0.1.jar;F:\maven\MavenRepository\com\google\guava\listenablefuture\9999.0-empty-to-avoid-conflict-with-guava\listenablefuture-9999.0-empty-to-avoid-conflict-with-guava.jar;F:\maven\MavenRepository\org\checkerframework\checker-qual\3.5.0\checker-qual-3.5.0.jar;F:\maven\MavenRepository\com\google\errorprone\error_prone_annotations\2.3.4\error_prone_annotations-2.3.4.jar;F:\maven\MavenRepository\com\google\j2objc\j2objc-annotations\1.3\j2objc-annotations-1.3.jar;F:\maven\MavenRepository\io\springfox\springfox-boot-starter\3.0.0\springfox-boot-starter-3.0.0.jar;F:\maven\MavenRepository\io\springfox\springfox-data-rest\3.0.0\springfox-data-rest-3.0.0.jar;F:\maven\MavenRepository\org\springframework\plugin\spring-plugin-core\2.0.0.RELEASE\spring-plugin-core-2.0.0.RELEASE.jar;F:\maven\MavenRepository\org\springframework\plugin\spring-plugin-metadata\2.0.0.RELEASE\spring-plugin-metadata-2.0.0.RELEASE.jar;F:\maven\MavenRepository\com\github\xiaoymin\knife4j-spring-ui\3.0.3\knife4j-spring-ui-3.0.3.jar;F:\maven\MavenRepository\com\baomidou\mybatis-plus-boot-starter\3.5.0\mybatis-plus-boot-starter-3.5.0.jar;F:\maven\MavenRepository\com\baomidou\mybatis-plus\3.5.0\mybatis-plus-3.5.0.jar;F:\maven\MavenRepository\com\baomidou\mybatis-plus-extension\3.5.0\mybatis-plus-extension-3.5.0.jar;F:\maven\MavenRepository\com\baomidou\mybatis-plus-core\3.5.0\mybatis-plus-core-3.5.0.jar;F:\maven\MavenRepository\com\baomidou\mybatis-plus-annotation\3.5.0\mybatis-plus-annotation-3.5.0.jar;F:\maven\MavenRepository\com\github\jsqlparser\jsqlparser\4.3\jsqlparser-4.3.jar;F:\maven\MavenRepository\org\mybatis\mybatis\3.5.9\mybatis-3.5.9.jar;F:\maven\MavenRepository\org\mybatis\mybatis-spring\2.0.6\mybatis-spring-2.0.6.jar;F:\maven\MavenRepository\org\springframework\boot\spring-boot-autoconfigure\2.3.12.RELEASE\spring-boot-autoconfigure-2.3.12.RELEASE.jar;F:\maven\MavenRepository\org\springframework\boot\spring-boot-starter-jdbc\2.3.12.RELEASE\spring-boot-starter-jdbc-2.3.12.RELEASE.jar;F:\maven\MavenRepository\mysql\mysql-connector-java\8.0.25\mysql-connector-java-8.0.25.jar;F:\maven\MavenRepository\org\mapstruct\mapstruct\1.4.2.Final\mapstruct-1.4.2.Final.jar;F:\maven\MavenRepository\org\mapstruct\mapstruct-processor\1.4.2.Final\mapstruct-processor-1.4.2.Final.jar;F:\maven\MavenRepository\cglib\cglib\3.3.0\cglib-3.3.0.jar;F:\maven\MavenRepository\org\ow2\asm\asm\7.1\asm-7.1.jar;F:\maven\MavenRepository\org\apache\skywalking\apm-toolkit-logback-1.x\8.7.0\apm-toolkit-logback-1.x-8.7.0.jar;F:\maven\MavenRepository\org\projectlombok\lombok\1.18.20\lombok-1.18.20.jar;F:\maven\MavenRepository\com\alibaba\fastjson\1.2.73\fastjson-1.2.73.jar;F:\maven\MavenRepository\eu\bitwalker\UserAgentUtils\1.21\UserAgentUtils-1.21.jar;F:\maven\MavenRepository\commons-net\commons-net\3.6\commons-net-3.6.jar;F:\maven\MavenRepository\com\baomidou\dynamic-datasource-spring-boot-starter\2.5.4\dynamic-datasource-spring-boot-starter-2.5.4.jar;F:\maven\MavenRepository\org\springframework\boot\spring-boot-starter-aop\2.3.12.RELEASE\spring-boot-starter-aop-2.3.12.RELEASE.jar;F:\maven\MavenRepository\com\jcraft\jsch\0.1.55\jsch-0.1.55.jar;F:\maven\MavenRepository\com\itextpdf\itextpdf\5.5.1\itextpdf-5.5.1.jar;F:\maven\MavenRepository\org\apache\httpcomponents\httpclient\4.5.13\httpclient-4.5.13.jar;F:\maven\MavenRepository\org\apache\httpcomponents\httpcore\4.4.14\httpcore-4.4.14.jar;F:\maven\MavenRepository\commons-codec\commons-codec\1.14\commons-codec-1.14.jar;F:\maven\MavenRepository\org\bouncycastle\bcprov-jdk15on\1.70\bcprov-jdk15on-1.70.jar;C:\Users\杜黎明\Desktop\project\background-manager-server\background-manager-server-common\target\background-manager-server-common-1.0-SNAPSHOT.jar;F:\maven\MavenRepository\org\springframework\spring-tx\5.2.15.RELEASE\spring-tx-5.2.15.RELEASE.jar;F:\maven\MavenRepository\org\aspectj\aspectjweaver\1.9.6\aspectjweaver-1.9.6.jar;F:\maven\MavenRepository\javax\validation\validation-api\2.0.1.Final\validation-api-2.0.1.Final.jar;F:\maven\MavenRepository\io\swagger\swagger-annotations\1.6.6\swagger-annotations-1.6.6.jar;F:\maven\MavenRepository\com\zaxxer\HikariCP\3.4.5\HikariCP-3.4.5.jar;F:\maven\MavenRepository\org\springframework\spring-jdbc\5.2.15.RELEASE\spring-jdbc-5.2.15.RELEASE.jar;F:\maven\MavenRepository\org\redisson\redisson-spring-boot-starter\3.16.8\redisson-spring-boot-starter-3.16.8.jar;F:\maven\MavenRepository\org\springframework\boot\spring-boot-starter-actuator\2.3.12.RELEASE\spring-boot-starter-actuator-2.3.12.RELEASE.jar;F:\maven\MavenRepository\org\springframework\boot\spring-boot-actuator-autoconfigure\2.3.12.RELEASE\spring-boot-actuator-autoconfigure-2.3.12.RELEASE.jar;F:\maven\MavenRepository\org\springframework\boot\spring-boot-actuator\2.3.12.RELEASE\spring-boot-actuator-2.3.12.RELEASE.jar;F:\maven\MavenRepository\io\micrometer\micrometer-core\1.5.14\micrometer-core-1.5.14.jar;F:\maven\MavenRepository\org\hdrhistogram\HdrHistogram\2.1.12\HdrHistogram-2.1.12.jar;F:\maven\MavenRepository\org\latencyutils\LatencyUtils\2.0.3\LatencyUtils-2.0.3.jar;F:\maven\MavenRepository\org\redisson\redisson\3.16.8\redisson-3.16.8.jar;F:\maven\MavenRepository\io\netty\netty-codec\4.1.65.Final\netty-codec-4.1.65.Final.jar;F:\maven\MavenRepository\io\netty\netty-buffer\4.1.65.Final\netty-buffer-4.1.65.Final.jar;F:\maven\MavenRepository\io\netty\netty-resolver\4.1.65.Final\netty-resolver-4.1.65.Final.jar;F:\maven\MavenRepository\io\netty\netty-resolver-dns\4.1.65.Final\netty-resolver-dns-4.1.65.Final.jar;F:\maven\MavenRepository\io\netty\netty-codec-dns\4.1.65.Final\netty-codec-dns-4.1.65.Final.jar;F:\maven\MavenRepository\javax\cache\cache-api\1.1.1\cache-api-1.1.1.jar;F:\maven\MavenRepository\org\reactivestreams\reactive-streams\1.0.3\reactive-streams-1.0.3.jar;F:\maven\MavenRepository\io\reactivex\rxjava3\rxjava\3.0.12\rxjava-3.0.12.jar;F:\maven\MavenRepository\org\jboss\marshalling\jboss-marshalling\2.0.11.Final\jboss-marshalling-2.0.11.Final.jar;F:\maven\MavenRepository\org\jboss\marshalling\jboss-marshalling-river\2.0.11.Final\jboss-marshalling-river-2.0.11.Final.jar;F:\maven\MavenRepository\com\fasterxml\jackson\dataformat\jackson-dataformat-yaml\2.11.4\jackson-dataformat-yaml-2.11.4.jar;F:\maven\MavenRepository\org\jodd\jodd-bean\5.1.6\jodd-bean-5.1.6.jar;F:\maven\MavenRepository\org\jodd\jodd-core\5.1.6\jodd-core-5.1.6.jar;F:\maven\MavenRepository\org\redisson\redisson-spring-data-25\3.16.8\redisson-spring-data-25-3.16.8.jar;F:\maven\MavenRepository\com\fasterxml\jackson\datatype\jackson-datatype-jsr310\2.11.4\jackson-datatype-jsr310-2.11.4.jar;F:\maven\MavenRepository\com\fasterxml\jackson\core\jackson-annotations\2.11.4\jackson-annotations-2.11.4.jar;F:\maven\MavenRepository\com\fasterxml\jackson\core\jackson-core\2.11.4\jackson-core-2.11.4.jar;F:\maven\MavenRepository\org\apache\poi\poi-ooxml\3.16\poi-ooxml-3.16.jar;F:\maven\MavenRepository\org\apache\poi\poi\3.16\poi-3.16.jar;F:\maven\MavenRepository\org\apache\commons\commons-collections4\4.1\commons-collections4-4.1.jar;F:\maven\MavenRepository\org\apache\poi\poi-ooxml-schemas\3.16\poi-ooxml-schemas-3.16.jar;F:\maven\MavenRepository\org\apache\xmlbeans\xmlbeans\2.6.0\xmlbeans-2.6.0.jar;F:\maven\MavenRepository\stax\stax-api\1.0.1\stax-api-1.0.1.jar;F:\maven\MavenRepository\com\github\virtuald\curvesapi\1.04\curvesapi-1.04.jar;C:\Users\杜黎明\Desktop\project\background-manager-server\background-manager-server-interface\target\background-manager-server-interface-1.0-SNAPSHOT.jar;F:\maven\MavenRepository\com\dtflys\forest\forest-spring-boot-starter\1.5.30\forest-spring-boot-starter-1.5.30.jar;F:\maven\MavenRepository\com\dtflys\forest\forest-core\1.5.30\forest-core-1.5.30.jar;F:\maven\MavenRepository\com\googlecode\juniversalchardet\juniversalchardet\1.0.3\juniversalchardet-1.0.3.jar;F:\maven\MavenRepository\org\apache\httpcomponents\httpclient-cache\4.5.13\httpclient-cache-4.5.13.jar;F:\maven\MavenRepository\commons-logging\commons-logging\1.2\commons-logging-1.2.jar;F:\maven\MavenRepository\org\apache\httpcomponents\httpmime\4.5.13\httpmime-4.5.13.jar;F:\maven\MavenRepository\com\squareup\okhttp3\okhttp\3.14.9\okhttp-3.14.9.jar;F:\maven\MavenRepository\com\squareup\okio\okio\1.17.2\okio-1.17.2.jar;F:\maven\MavenRepository\com\google\code\findbugs\jsr305\3.0.1\jsr305-3.0.1.jar;F:\maven\MavenRepository\commons-io\commons-io\2.7\commons-io-2.7.jar;F:\maven\MavenRepository\com\dtflys\forest\forest-spring\1.5.30\forest-spring-1.5.30.jar;F:\maven\MavenRepository\org\springframework\boot\spring-boot-configuration-processor\2.3.12.RELEASE\spring-boot-configuration-processor-2.3.12.RELEASE.jar;F:\maven\MavenRepository\com\google\protobuf\protobuf-java\3.14.0\protobuf-java-3.14.0.jar;"/>
    <property name="java.vm.vendor" value="Oracle Corporation"/>
    <property name="sun.arch.data.model" value="64"/>
    <property name="user.variant" value=""/>
    <property name="java.vendor.url" value="http://java.oracle.com/"/>
    <property name="user.timezone" value="Asia/Shanghai"/>
    <property name="java.vm.specification.version" value="1.8"/>
    <property name="os.name" value="Windows 10"/>
    <property name="user.country" value="CN"/>
    <property name="sun.java.launcher" value="SUN_STANDARD"/>
    <property name="sun.boot.library.path" value="C:\Program Files\Java\jdk1.8.0_131\jre\bin"/>
    <property name="sun.java.command" value="C:\Users\杜黎明\AppData\Local\Temp\surefire2360794647735922967\surefirebooter4720255140989771359.jar C:\Users\杜黎明\AppData\Local\Temp\surefire2360794647735922967 2023-06-15T14-57-15_913-jvmRun1 surefire8705459083119504671tmp surefire_06539188522407401742tmp"/>
    <property name="surefire.test.class.path" value="C:\Users\杜黎明\Desktop\project\background-manager-server\background-manager-server-business\target\test-classes;C:\Users\杜黎明\Desktop\project\background-manager-server\background-manager-server-business\target\classes;F:\maven\MavenRepository\org\springframework\boot\spring-boot-starter-web\2.3.12.RELEASE\spring-boot-starter-web-2.3.12.RELEASE.jar;F:\maven\MavenRepository\org\springframework\boot\spring-boot-starter\2.3.12.RELEASE\spring-boot-starter-2.3.12.RELEASE.jar;F:\maven\MavenRepository\org\springframework\boot\spring-boot\2.3.12.RELEASE\spring-boot-2.3.12.RELEASE.jar;F:\maven\MavenRepository\org\springframework\boot\spring-boot-starter-logging\2.3.12.RELEASE\spring-boot-starter-logging-2.3.12.RELEASE.jar;F:\maven\MavenRepository\ch\qos\logback\logback-classic\1.2.3\logback-classic-1.2.3.jar;F:\maven\MavenRepository\ch\qos\logback\logback-core\1.2.3\logback-core-1.2.3.jar;F:\maven\MavenRepository\org\apache\logging\log4j\log4j-to-slf4j\2.13.3\log4j-to-slf4j-2.13.3.jar;F:\maven\MavenRepository\org\apache\logging\log4j\log4j-api\2.13.3\log4j-api-2.13.3.jar;F:\maven\MavenRepository\org\slf4j\jul-to-slf4j\1.7.30\jul-to-slf4j-1.7.30.jar;F:\maven\MavenRepository\jakarta\annotation\jakarta.annotation-api\1.3.5\jakarta.annotation-api-1.3.5.jar;F:\maven\MavenRepository\org\yaml\snakeyaml\1.26\snakeyaml-1.26.jar;F:\maven\MavenRepository\org\springframework\boot\spring-boot-starter-json\2.3.12.RELEASE\spring-boot-starter-json-2.3.12.RELEASE.jar;F:\maven\MavenRepository\com\fasterxml\jackson\core\jackson-databind\2.11.4\jackson-databind-2.11.4.jar;F:\maven\MavenRepository\com\fasterxml\jackson\datatype\jackson-datatype-jdk8\2.11.4\jackson-datatype-jdk8-2.11.4.jar;F:\maven\MavenRepository\com\fasterxml\jackson\module\jackson-module-parameter-names\2.11.4\jackson-module-parameter-names-2.11.4.jar;F:\maven\MavenRepository\org\springframework\boot\spring-boot-starter-tomcat\2.3.12.RELEASE\spring-boot-starter-tomcat-2.3.12.RELEASE.jar;F:\maven\MavenRepository\org\apache\tomcat\embed\tomcat-embed-core\9.0.46\tomcat-embed-core-9.0.46.jar;F:\maven\MavenRepository\org\apache\tomcat\embed\tomcat-embed-websocket\9.0.46\tomcat-embed-websocket-9.0.46.jar;F:\maven\MavenRepository\org\springframework\spring-web\5.2.15.RELEASE\spring-web-5.2.15.RELEASE.jar;F:\maven\MavenRepository\org\springframework\spring-beans\5.2.15.RELEASE\spring-beans-5.2.15.RELEASE.jar;F:\maven\MavenRepository\org\springframework\spring-webmvc\5.2.15.RELEASE\spring-webmvc-5.2.15.RELEASE.jar;F:\maven\MavenRepository\org\springframework\spring-aop\5.2.15.RELEASE\spring-aop-5.2.15.RELEASE.jar;F:\maven\MavenRepository\org\springframework\spring-context\5.2.15.RELEASE\spring-context-5.2.15.RELEASE.jar;F:\maven\MavenRepository\org\springframework\spring-expression\5.2.15.RELEASE\spring-expression-5.2.15.RELEASE.jar;F:\maven\MavenRepository\org\springframework\boot\spring-boot-starter-validation\2.3.12.RELEASE\spring-boot-starter-validation-2.3.12.RELEASE.jar;F:\maven\MavenRepository\org\glassfish\jakarta.el\3.0.3\jakarta.el-3.0.3.jar;F:\maven\MavenRepository\org\hibernate\validator\hibernate-validator\6.1.7.Final\hibernate-validator-6.1.7.Final.jar;F:\maven\MavenRepository\jakarta\validation\jakarta.validation-api\2.0.2\jakarta.validation-api-2.0.2.jar;F:\maven\MavenRepository\org\jboss\logging\jboss-logging\3.4.2.Final\jboss-logging-3.4.2.Final.jar;F:\maven\MavenRepository\com\fasterxml\classmate\1.5.1\classmate-1.5.1.jar;F:\maven\MavenRepository\org\springframework\boot\spring-boot-starter-test\2.3.12.RELEASE\spring-boot-starter-test-2.3.12.RELEASE.jar;F:\maven\MavenRepository\org\springframework\boot\spring-boot-test\2.3.12.RELEASE\spring-boot-test-2.3.12.RELEASE.jar;F:\maven\MavenRepository\org\springframework\boot\spring-boot-test-autoconfigure\2.3.12.RELEASE\spring-boot-test-autoconfigure-2.3.12.RELEASE.jar;F:\maven\MavenRepository\com\jayway\jsonpath\json-path\2.4.0\json-path-2.4.0.jar;F:\maven\MavenRepository\net\minidev\json-smart\2.3.1\json-smart-2.3.1.jar;F:\maven\MavenRepository\net\minidev\accessors-smart\2.3.1\accessors-smart-2.3.1.jar;F:\maven\MavenRepository\org\slf4j\slf4j-api\1.7.30\slf4j-api-1.7.30.jar;F:\maven\MavenRepository\jakarta\xml\bind\jakarta.xml.bind-api\2.3.3\jakarta.xml.bind-api-2.3.3.jar;F:\maven\MavenRepository\jakarta\activation\jakarta.activation-api\1.2.2\jakarta.activation-api-1.2.2.jar;F:\maven\MavenRepository\org\assertj\assertj-core\3.16.1\assertj-core-3.16.1.jar;F:\maven\MavenRepository\org\hamcrest\hamcrest\2.2\hamcrest-2.2.jar;F:\maven\MavenRepository\org\junit\jupiter\junit-jupiter\5.6.3\junit-jupiter-5.6.3.jar;F:\maven\MavenRepository\org\junit\jupiter\junit-jupiter-api\5.6.3\junit-jupiter-api-5.6.3.jar;F:\maven\MavenRepository\org\opentest4j\opentest4j\1.2.0\opentest4j-1.2.0.jar;F:\maven\MavenRepository\org\junit\platform\junit-platform-commons\1.6.3\junit-platform-commons-1.6.3.jar;F:\maven\MavenRepository\org\junit\jupiter\junit-jupiter-params\5.6.3\junit-jupiter-params-5.6.3.jar;F:\maven\MavenRepository\org\junit\jupiter\junit-jupiter-engine\5.6.3\junit-jupiter-engine-5.6.3.jar;F:\maven\MavenRepository\org\junit\vintage\junit-vintage-engine\5.6.3\junit-vintage-engine-5.6.3.jar;F:\maven\MavenRepository\org\apiguardian\apiguardian-api\1.1.0\apiguardian-api-1.1.0.jar;F:\maven\MavenRepository\org\junit\platform\junit-platform-engine\1.6.3\junit-platform-engine-1.6.3.jar;F:\maven\MavenRepository\junit\junit\4.13.2\junit-4.13.2.jar;F:\maven\MavenRepository\org\mockito\mockito-core\3.3.3\mockito-core-3.3.3.jar;F:\maven\MavenRepository\net\bytebuddy\byte-buddy\1.10.22\byte-buddy-1.10.22.jar;F:\maven\MavenRepository\net\bytebuddy\byte-buddy-agent\1.10.22\byte-buddy-agent-1.10.22.jar;F:\maven\MavenRepository\org\objenesis\objenesis\2.6\objenesis-2.6.jar;F:\maven\MavenRepository\org\mockito\mockito-junit-jupiter\3.3.3\mockito-junit-jupiter-3.3.3.jar;F:\maven\MavenRepository\org\skyscreamer\jsonassert\1.5.0\jsonassert-1.5.0.jar;F:\maven\MavenRepository\com\vaadin\external\google\android-json\0.0.20131108.vaadin1\android-json-0.0.20131108.vaadin1.jar;F:\maven\MavenRepository\org\springframework\spring-core\5.2.15.RELEASE\spring-core-5.2.15.RELEASE.jar;F:\maven\MavenRepository\org\springframework\spring-jcl\5.2.15.RELEASE\spring-jcl-5.2.15.RELEASE.jar;F:\maven\MavenRepository\org\springframework\spring-test\5.2.15.RELEASE\spring-test-5.2.15.RELEASE.jar;F:\maven\MavenRepository\org\xmlunit\xmlunit-core\2.7.0\xmlunit-core-2.7.0.jar;F:\maven\MavenRepository\cn\dev33\sa-token-spring-boot-starter\1.30.0\sa-token-spring-boot-starter-1.30.0.jar;F:\maven\MavenRepository\cn\dev33\sa-token-servlet\1.30.0\sa-token-servlet-1.30.0.jar;F:\maven\MavenRepository\cn\dev33\sa-token-dao-redis-jackson\1.30.0\sa-token-dao-redis-jackson-1.30.0.jar;F:\maven\MavenRepository\cn\dev33\sa-token-core\1.30.0\sa-token-core-1.30.0.jar;F:\maven\MavenRepository\org\springframework\boot\spring-boot-starter-data-redis\2.3.12.RELEASE\spring-boot-starter-data-redis-2.3.12.RELEASE.jar;F:\maven\MavenRepository\org\springframework\data\spring-data-redis\2.3.9.RELEASE\spring-data-redis-2.3.9.RELEASE.jar;F:\maven\MavenRepository\org\springframework\data\spring-data-keyvalue\2.3.9.RELEASE\spring-data-keyvalue-2.3.9.RELEASE.jar;F:\maven\MavenRepository\org\springframework\data\spring-data-commons\2.3.9.RELEASE\spring-data-commons-2.3.9.RELEASE.jar;F:\maven\MavenRepository\org\springframework\spring-oxm\5.2.15.RELEASE\spring-oxm-5.2.15.RELEASE.jar;F:\maven\MavenRepository\org\springframework\spring-context-support\5.2.15.RELEASE\spring-context-support-5.2.15.RELEASE.jar;F:\maven\MavenRepository\io\lettuce\lettuce-core\5.3.7.RELEASE\lettuce-core-5.3.7.RELEASE.jar;F:\maven\MavenRepository\io\netty\netty-common\4.1.65.Final\netty-common-4.1.65.Final.jar;F:\maven\MavenRepository\io\netty\netty-handler\4.1.65.Final\netty-handler-4.1.65.Final.jar;F:\maven\MavenRepository\io\netty\netty-transport\4.1.65.Final\netty-transport-4.1.65.Final.jar;F:\maven\MavenRepository\io\projectreactor\reactor-core\3.3.17.RELEASE\reactor-core-3.3.17.RELEASE.jar;F:\maven\MavenRepository\org\apache\commons\commons-lang3\3.12.0\commons-lang3-3.12.0.jar;F:\maven\MavenRepository\cn\hutool\hutool-all\5.7.20\hutool-all-5.7.20.jar;F:\maven\MavenRepository\com\github\xiaoymin\knife4j-spring-boot-starter\3.0.3\knife4j-spring-boot-starter-3.0.3.jar;F:\maven\MavenRepository\com\github\xiaoymin\knife4j-spring-boot-autoconfigure\3.0.3\knife4j-spring-boot-autoconfigure-3.0.3.jar;F:\maven\MavenRepository\com\github\xiaoymin\knife4j-spring\3.0.3\knife4j-spring-3.0.3.jar;F:\maven\MavenRepository\com\github\xiaoymin\knife4j-annotations\3.0.3\knife4j-annotations-3.0.3.jar;F:\maven\MavenRepository\io\swagger\core\v3\swagger-annotations\2.1.2\swagger-annotations-2.1.2.jar;F:\maven\MavenRepository\com\github\xiaoymin\knife4j-core\3.0.3\knife4j-core-3.0.3.jar;F:\maven\MavenRepository\org\javassist\javassist\3.25.0-GA\javassist-3.25.0-GA.jar;F:\maven\MavenRepository\io\springfox\springfox-swagger2\3.0.0\springfox-swagger2-3.0.0.jar;F:\maven\MavenRepository\io\springfox\springfox-spi\3.0.0\springfox-spi-3.0.0.jar;F:\maven\MavenRepository\io\springfox\springfox-schema\3.0.0\springfox-schema-3.0.0.jar;F:\maven\MavenRepository\io\springfox\springfox-swagger-common\3.0.0\springfox-swagger-common-3.0.0.jar;F:\maven\MavenRepository\io\springfox\springfox-spring-web\3.0.0\springfox-spring-web-3.0.0.jar;F:\maven\MavenRepository\io\github\classgraph\classgraph\4.8.83\classgraph-4.8.83.jar;F:\maven\MavenRepository\io\springfox\springfox-spring-webflux\3.0.0\springfox-spring-webflux-3.0.0.jar;F:\maven\MavenRepository\io\springfox\springfox-spring-webmvc\3.0.0\springfox-spring-webmvc-3.0.0.jar;F:\maven\MavenRepository\io\springfox\springfox-core\3.0.0\springfox-core-3.0.0.jar;F:\maven\MavenRepository\io\springfox\springfox-oas\3.0.0\springfox-oas-3.0.0.jar;F:\maven\MavenRepository\io\swagger\core\v3\swagger-models\2.1.2\swagger-models-2.1.2.jar;F:\maven\MavenRepository\io\springfox\springfox-bean-validators\3.0.0\springfox-bean-validators-3.0.0.jar;F:\maven\MavenRepository\io\swagger\swagger-models\1.5.22\swagger-models-1.5.22.jar;F:\maven\MavenRepository\io\swagger\swagger-core\1.5.22\swagger-core-1.5.22.jar;F:\maven\MavenRepository\com\google\guava\guava\30.0-jre\guava-30.0-jre.jar;F:\maven\MavenRepository\com\google\guava\failureaccess\1.0.1\failureaccess-1.0.1.jar;F:\maven\MavenRepository\com\google\guava\listenablefuture\9999.0-empty-to-avoid-conflict-with-guava\listenablefuture-9999.0-empty-to-avoid-conflict-with-guava.jar;F:\maven\MavenRepository\org\checkerframework\checker-qual\3.5.0\checker-qual-3.5.0.jar;F:\maven\MavenRepository\com\google\errorprone\error_prone_annotations\2.3.4\error_prone_annotations-2.3.4.jar;F:\maven\MavenRepository\com\google\j2objc\j2objc-annotations\1.3\j2objc-annotations-1.3.jar;F:\maven\MavenRepository\io\springfox\springfox-boot-starter\3.0.0\springfox-boot-starter-3.0.0.jar;F:\maven\MavenRepository\io\springfox\springfox-data-rest\3.0.0\springfox-data-rest-3.0.0.jar;F:\maven\MavenRepository\org\springframework\plugin\spring-plugin-core\2.0.0.RELEASE\spring-plugin-core-2.0.0.RELEASE.jar;F:\maven\MavenRepository\org\springframework\plugin\spring-plugin-metadata\2.0.0.RELEASE\spring-plugin-metadata-2.0.0.RELEASE.jar;F:\maven\MavenRepository\com\github\xiaoymin\knife4j-spring-ui\3.0.3\knife4j-spring-ui-3.0.3.jar;F:\maven\MavenRepository\com\baomidou\mybatis-plus-boot-starter\3.5.0\mybatis-plus-boot-starter-3.5.0.jar;F:\maven\MavenRepository\com\baomidou\mybatis-plus\3.5.0\mybatis-plus-3.5.0.jar;F:\maven\MavenRepository\com\baomidou\mybatis-plus-extension\3.5.0\mybatis-plus-extension-3.5.0.jar;F:\maven\MavenRepository\com\baomidou\mybatis-plus-core\3.5.0\mybatis-plus-core-3.5.0.jar;F:\maven\MavenRepository\com\baomidou\mybatis-plus-annotation\3.5.0\mybatis-plus-annotation-3.5.0.jar;F:\maven\MavenRepository\com\github\jsqlparser\jsqlparser\4.3\jsqlparser-4.3.jar;F:\maven\MavenRepository\org\mybatis\mybatis\3.5.9\mybatis-3.5.9.jar;F:\maven\MavenRepository\org\mybatis\mybatis-spring\2.0.6\mybatis-spring-2.0.6.jar;F:\maven\MavenRepository\org\springframework\boot\spring-boot-autoconfigure\2.3.12.RELEASE\spring-boot-autoconfigure-2.3.12.RELEASE.jar;F:\maven\MavenRepository\org\springframework\boot\spring-boot-starter-jdbc\2.3.12.RELEASE\spring-boot-starter-jdbc-2.3.12.RELEASE.jar;F:\maven\MavenRepository\mysql\mysql-connector-java\8.0.25\mysql-connector-java-8.0.25.jar;F:\maven\MavenRepository\org\mapstruct\mapstruct\1.4.2.Final\mapstruct-1.4.2.Final.jar;F:\maven\MavenRepository\org\mapstruct\mapstruct-processor\1.4.2.Final\mapstruct-processor-1.4.2.Final.jar;F:\maven\MavenRepository\cglib\cglib\3.3.0\cglib-3.3.0.jar;F:\maven\MavenRepository\org\ow2\asm\asm\7.1\asm-7.1.jar;F:\maven\MavenRepository\org\apache\skywalking\apm-toolkit-logback-1.x\8.7.0\apm-toolkit-logback-1.x-8.7.0.jar;F:\maven\MavenRepository\org\projectlombok\lombok\1.18.20\lombok-1.18.20.jar;F:\maven\MavenRepository\com\alibaba\fastjson\1.2.73\fastjson-1.2.73.jar;F:\maven\MavenRepository\eu\bitwalker\UserAgentUtils\1.21\UserAgentUtils-1.21.jar;F:\maven\MavenRepository\commons-net\commons-net\3.6\commons-net-3.6.jar;F:\maven\MavenRepository\com\baomidou\dynamic-datasource-spring-boot-starter\2.5.4\dynamic-datasource-spring-boot-starter-2.5.4.jar;F:\maven\MavenRepository\org\springframework\boot\spring-boot-starter-aop\2.3.12.RELEASE\spring-boot-starter-aop-2.3.12.RELEASE.jar;F:\maven\MavenRepository\com\jcraft\jsch\0.1.55\jsch-0.1.55.jar;F:\maven\MavenRepository\com\itextpdf\itextpdf\5.5.1\itextpdf-5.5.1.jar;F:\maven\MavenRepository\org\apache\httpcomponents\httpclient\4.5.13\httpclient-4.5.13.jar;F:\maven\MavenRepository\org\apache\httpcomponents\httpcore\4.4.14\httpcore-4.4.14.jar;F:\maven\MavenRepository\commons-codec\commons-codec\1.14\commons-codec-1.14.jar;F:\maven\MavenRepository\org\bouncycastle\bcprov-jdk15on\1.70\bcprov-jdk15on-1.70.jar;C:\Users\杜黎明\Desktop\project\background-manager-server\background-manager-server-common\target\background-manager-server-common-1.0-SNAPSHOT.jar;F:\maven\MavenRepository\org\springframework\spring-tx\5.2.15.RELEASE\spring-tx-5.2.15.RELEASE.jar;F:\maven\MavenRepository\org\aspectj\aspectjweaver\1.9.6\aspectjweaver-1.9.6.jar;F:\maven\MavenRepository\javax\validation\validation-api\2.0.1.Final\validation-api-2.0.1.Final.jar;F:\maven\MavenRepository\io\swagger\swagger-annotations\1.6.6\swagger-annotations-1.6.6.jar;F:\maven\MavenRepository\com\zaxxer\HikariCP\3.4.5\HikariCP-3.4.5.jar;F:\maven\MavenRepository\org\springframework\spring-jdbc\5.2.15.RELEASE\spring-jdbc-5.2.15.RELEASE.jar;F:\maven\MavenRepository\org\redisson\redisson-spring-boot-starter\3.16.8\redisson-spring-boot-starter-3.16.8.jar;F:\maven\MavenRepository\org\springframework\boot\spring-boot-starter-actuator\2.3.12.RELEASE\spring-boot-starter-actuator-2.3.12.RELEASE.jar;F:\maven\MavenRepository\org\springframework\boot\spring-boot-actuator-autoconfigure\2.3.12.RELEASE\spring-boot-actuator-autoconfigure-2.3.12.RELEASE.jar;F:\maven\MavenRepository\org\springframework\boot\spring-boot-actuator\2.3.12.RELEASE\spring-boot-actuator-2.3.12.RELEASE.jar;F:\maven\MavenRepository\io\micrometer\micrometer-core\1.5.14\micrometer-core-1.5.14.jar;F:\maven\MavenRepository\org\hdrhistogram\HdrHistogram\2.1.12\HdrHistogram-2.1.12.jar;F:\maven\MavenRepository\org\latencyutils\LatencyUtils\2.0.3\LatencyUtils-2.0.3.jar;F:\maven\MavenRepository\org\redisson\redisson\3.16.8\redisson-3.16.8.jar;F:\maven\MavenRepository\io\netty\netty-codec\4.1.65.Final\netty-codec-4.1.65.Final.jar;F:\maven\MavenRepository\io\netty\netty-buffer\4.1.65.Final\netty-buffer-4.1.65.Final.jar;F:\maven\MavenRepository\io\netty\netty-resolver\4.1.65.Final\netty-resolver-4.1.65.Final.jar;F:\maven\MavenRepository\io\netty\netty-resolver-dns\4.1.65.Final\netty-resolver-dns-4.1.65.Final.jar;F:\maven\MavenRepository\io\netty\netty-codec-dns\4.1.65.Final\netty-codec-dns-4.1.65.Final.jar;F:\maven\MavenRepository\javax\cache\cache-api\1.1.1\cache-api-1.1.1.jar;F:\maven\MavenRepository\org\reactivestreams\reactive-streams\1.0.3\reactive-streams-1.0.3.jar;F:\maven\MavenRepository\io\reactivex\rxjava3\rxjava\3.0.12\rxjava-3.0.12.jar;F:\maven\MavenRepository\org\jboss\marshalling\jboss-marshalling\2.0.11.Final\jboss-marshalling-2.0.11.Final.jar;F:\maven\MavenRepository\org\jboss\marshalling\jboss-marshalling-river\2.0.11.Final\jboss-marshalling-river-2.0.11.Final.jar;F:\maven\MavenRepository\com\fasterxml\jackson\dataformat\jackson-dataformat-yaml\2.11.4\jackson-dataformat-yaml-2.11.4.jar;F:\maven\MavenRepository\org\jodd\jodd-bean\5.1.6\jodd-bean-5.1.6.jar;F:\maven\MavenRepository\org\jodd\jodd-core\5.1.6\jodd-core-5.1.6.jar;F:\maven\MavenRepository\org\redisson\redisson-spring-data-25\3.16.8\redisson-spring-data-25-3.16.8.jar;F:\maven\MavenRepository\com\fasterxml\jackson\datatype\jackson-datatype-jsr310\2.11.4\jackson-datatype-jsr310-2.11.4.jar;F:\maven\MavenRepository\com\fasterxml\jackson\core\jackson-annotations\2.11.4\jackson-annotations-2.11.4.jar;F:\maven\MavenRepository\com\fasterxml\jackson\core\jackson-core\2.11.4\jackson-core-2.11.4.jar;F:\maven\MavenRepository\org\apache\poi\poi-ooxml\3.16\poi-ooxml-3.16.jar;F:\maven\MavenRepository\org\apache\poi\poi\3.16\poi-3.16.jar;F:\maven\MavenRepository\org\apache\commons\commons-collections4\4.1\commons-collections4-4.1.jar;F:\maven\MavenRepository\org\apache\poi\poi-ooxml-schemas\3.16\poi-ooxml-schemas-3.16.jar;F:\maven\MavenRepository\org\apache\xmlbeans\xmlbeans\2.6.0\xmlbeans-2.6.0.jar;F:\maven\MavenRepository\stax\stax-api\1.0.1\stax-api-1.0.1.jar;F:\maven\MavenRepository\com\github\virtuald\curvesapi\1.04\curvesapi-1.04.jar;C:\Users\杜黎明\Desktop\project\background-manager-server\background-manager-server-interface\target\background-manager-server-interface-1.0-SNAPSHOT.jar;F:\maven\MavenRepository\com\dtflys\forest\forest-spring-boot-starter\1.5.30\forest-spring-boot-starter-1.5.30.jar;F:\maven\MavenRepository\com\dtflys\forest\forest-core\1.5.30\forest-core-1.5.30.jar;F:\maven\MavenRepository\com\googlecode\juniversalchardet\juniversalchardet\1.0.3\juniversalchardet-1.0.3.jar;F:\maven\MavenRepository\org\apache\httpcomponents\httpclient-cache\4.5.13\httpclient-cache-4.5.13.jar;F:\maven\MavenRepository\commons-logging\commons-logging\1.2\commons-logging-1.2.jar;F:\maven\MavenRepository\org\apache\httpcomponents\httpmime\4.5.13\httpmime-4.5.13.jar;F:\maven\MavenRepository\com\squareup\okhttp3\okhttp\3.14.9\okhttp-3.14.9.jar;F:\maven\MavenRepository\com\squareup\okio\okio\1.17.2\okio-1.17.2.jar;F:\maven\MavenRepository\com\google\code\findbugs\jsr305\3.0.1\jsr305-3.0.1.jar;F:\maven\MavenRepository\commons-io\commons-io\2.7\commons-io-2.7.jar;F:\maven\MavenRepository\com\dtflys\forest\forest-spring\1.5.30\forest-spring-1.5.30.jar;F:\maven\MavenRepository\org\springframework\boot\spring-boot-configuration-processor\2.3.12.RELEASE\spring-boot-configuration-processor-2.3.12.RELEASE.jar;F:\maven\MavenRepository\com\google\protobuf\protobuf-java\3.14.0\protobuf-java-3.14.0.jar;"/>
    <property name="sun.cpu.endian" value="little"/>
    <property name="user.home" value="C:\Users\杜黎明"/>
    <property name="user.language" value="zh"/>
    <property name="java.specification.vendor" value="Oracle Corporation"/>
    <property name="java.home" value="C:\Program Files\Java\jdk1.8.0_131\jre"/>
    <property name="basedir" value="C:\Users\杜黎明\Desktop\project\background-manager-server\background-manager-server-business"/>
    <property name="file.separator" value="\"/>
    <property name="line.separator" value="&#10;"/>
    <property name="java.vm.specification.vendor" value="Oracle Corporation"/>
    <property name="java.specification.name" value="Java Platform API Specification"/>
    <property name="java.awt.graphicsenv" value="sun.awt.Win32GraphicsEnvironment"/>
    <property name="surefire.real.class.path" value="C:\Users\杜黎明\AppData\Local\Temp\surefire2360794647735922967\surefirebooter4720255140989771359.jar"/>
    <property name="sun.boot.class.path" value="C:\Program Files\Java\jdk1.8.0_131\jre\lib\resources.jar;C:\Program Files\Java\jdk1.8.0_131\jre\lib\rt.jar;C:\Program Files\Java\jdk1.8.0_131\jre\lib\sunrsasign.jar;C:\Program Files\Java\jdk1.8.0_131\jre\lib\jsse.jar;C:\Program Files\Java\jdk1.8.0_131\jre\lib\jce.jar;C:\Program Files\Java\jdk1.8.0_131\jre\lib\charsets.jar;C:\Program Files\Java\jdk1.8.0_131\jre\lib\jfr.jar;C:\Program Files\Java\jdk1.8.0_131\jre\classes"/>
    <property name="user.script" value=""/>
    <property name="sun.management.compiler" value="HotSpot 64-Bit Tiered Compilers"/>
    <property name="java.runtime.version" value="1.8.0_131-b11"/>
    <property name="user.name" value="杜黎明"/>
    <property name="path.separator" value=";"/>
    <property name="os.version" value="10.0"/>
    <property name="java.endorsed.dirs" value="C:\Program Files\Java\jdk1.8.0_131\jre\lib\endorsed"/>
    <property name="java.runtime.name" value="Java(TM) SE Runtime Environment"/>
    <property name="file.encoding" value="GBK"/>
    <property name="java.vm.name" value="Java HotSpot(TM) 64-Bit Server VM"/>
    <property name="localRepository" value="F:\maven\MavenRepository"/>
    <property name="java.vendor.url.bug" value="http://bugreport.sun.com/bugreport/"/>
    <property name="java.io.tmpdir" value="C:\Users\杜黎明\AppData\Local\Temp\"/>
    <property name="idea.version" value="2022.2"/>
    <property name="java.version" value="1.8.0_131"/>
    <property name="user.dir" value="C:\Users\杜黎明\Desktop\project\background-manager-server\background-manager-server-business"/>
    <property name="os.arch" value="amd64"/>
    <property name="java.vm.specification.name" value="Java Virtual Machine Specification"/>
    <property name="java.awt.printerjob" value="sun.awt.windows.WPrinterJob"/>
    <property name="sun.os.patch.level" value=""/>
    <property name="java.library.path" value="C:\Program Files\Java\jdk1.8.0_131\jre\bin;C:\WINDOWS\Sun\Java\bin;C:\WINDOWS\system32;C:\WINDOWS;F:\MySQL\mysql-5.7.29-winx64\bin;C:\Windows\system32;C:\Windows;C:\Windows\System32\Wbem;C:\Windows\System32\WindowsPowerShell\v1.0\;C:\Windows\System32\OpenSSH\;C:\Program Files\Intel\WiFi\bin\;C:\Program Files\Common Files\Intel\WirelessCommon\;C:\Program Files\NVIDIA Corporation\NVIDIA NGX;C:\Program Files (x86)\NVIDIA Corporation\PhysX\Common;C:\Program Files\NVIDIA Corporation\NVIDIA NvDLISR;C:\Program Files\Java\jdk-11.0.15.1\bin;F:\MATLAB\runtime\win64;F:\MATLAB\bin;F:\MATLAB\polyspace\bin;&quot;；F:\SDK\platform-tools;;;ANDROID_HOME%\platform-tools;F:\SDK\platform-tools;\tools;&quot;;C:\WINDOWS\system32;C:\WINDOWS;C:\WINDOWS\System32\Wbem;C:\WINDOWS\System32\WindowsPowerShell\v1.0\;C:\WINDOWS\System32\OpenSSH\;F:\maven\apache-maven-3.6.1\bin;%ERLANG_HOME%\bin;F:\nodejs\;F:\mongoDB\bin;F:\Git\Git\cmd;C:\Users\杜黎明\AppData\Local\Programs\Python\Python37\Scripts\;C:\Users\杜黎明\AppData\Local\Programs\Python\Python37\;C:\Users\杜黎明\AppData\Local\Microsoft\WindowsApps;C:\Program Files\Java\jdk-11.0.15.1\bin;;F:\VScode\Microsoft VS Code\bin;C:\Users\杜黎明\AppData\Roaming\npm;F:\IDEA\IntelliJ IDEA Community Edition 2022.2\bin;;."/>
    <property name="java.vm.info" value="mixed mode"/>
    <property name="java.vendor" value="Oracle Corporation"/>
    <property name="java.vm.version" value="25.131-b11"/>
    <property name="java.ext.dirs" value="C:\Program Files\Java\jdk1.8.0_131\jre\lib\ext;C:\WINDOWS\Sun\Java\lib\ext"/>
    <property name="sun.io.unicode.encoding" value="UnicodeLittle"/>
    <property name="maven.repo.local" value="F:\maven\MavenRepository"/>
    <property name="java.class.version" value="52.0"/>
  </properties>
  <testcase name="test1" classname="com.background.manager.TreeBuildTest" time="0.252"/>
  <testcase name="test2" classname="com.background.manager.TreeBuildTest" time="0"/>
</testsuite>